<?xml version="1.0" encoding="UTF-8"?>
<!-- Generated by org.testng.reporters.JUnitReportReporter -->
<testsuite hostname="DESKTOP-2H7MN4M" failures="0" tests="1" name="tests.APITestUsingBDD" time="5.383" errors="0" timestamp="2025-03-19T13:40:09 IST" skipped="0">
  <testcase classname="tests.APITestUsingBDD" name="ValidateListOfUsers" time="5.383"/>
  <system-out/>
</testsuite> <!-- tests.APITestUsingBDD -->
