<?xml version="1.0" encoding="UTF-8"?>
<!-- Generated by org.testng.reporters.JUnitReportReporter -->
<testsuite hostname="DESKTOP-2H7MN4M" failures="0" tests="2" name="tests.WaysToPostCall" time="12.839" errors="0" timestamp="2025-03-19T20:11:07 IST" skipped="1">
  <testcase classname="tests.WaysToPostCall" name="createPostusingPOJO" time="12.839"/>
  <system-out/>
  <testcase classname="tests.WaysToPostCall" name="CreateBasicCall">
    <skipped/>
  </testcase> <!-- CreateBasicCall -->
  <system-out/>
</testsuite> <!-- tests.WaysToPostCall -->
