<?xml version="1.0" encoding="UTF-8"?>
<!-- Generated by org.testng.reporters.JUnitReportReporter -->
<testsuite hostname="DESKTOP-2H7MN4M" failures="0" tests="1" name="tests.test1" time="7.313" errors="0" timestamp="2025-03-19T13:11:03 IST" skipped="0">
  <testcase classname="tests.test1" name="ValidateJsonFeilds" time="7.313"/>
  <system-out/>
</testsuite> <!-- tests.test1 -->
