<?xml version="1.0" encoding="UTF-8"?>
<!-- Generated by org.testng.reporters.JUnitReportReporter -->
<testsuite hostname="DESKTOP-2H7MN4M" failures="0" tests="1" name="tests.differenWaysToCreatePostRequest" time="9.451" errors="0" timestamp="2025-03-20T16:46:25 IST" skipped="0">
  <testcase classname="tests.differenWaysToCreatePostRequest" name="creatPostUsingUsingPOJO" time="9.451"/>
  <system-out/>
</testsuite> <!-- tests.differenWaysToCreatePostRequest -->
