<?xml version="1.0" encoding="UTF-8"?>
<!-- Generated by org.testng.reporters.JUnitReportReporter -->
<testsuite hostname="DESKTOP-2H7MN4M" failures="0" tests="1" name="tests.testheaders" time="7.435" errors="0" timestamp="2025-03-20T21:04:29 IST" skipped="0">
  <testcase classname="tests.testheaders" name="getHeaders" time="7.435"/>
  <system-out/>
</testsuite> <!-- tests.testheaders -->
