<?xml version="1.0" encoding="UTF-8"?>
<!-- Generated by org.testng.reporters.JUnitReportReporter -->
<testsuite hostname="DESKTOP-2H7MN4M" failures="0" tests="1" name="tests.testCookies" time="5.345" errors="0" timestamp="2025-03-20T20:46:10 IST" skipped="0">
  <testcase classname="tests.testCookies" name="getCookiesinfo" time="5.345"/>
  <system-out/>
</testsuite> <!-- tests.testCookies -->
