<?xml version="1.0" encoding="UTF-8"?>
<!-- Generated by org.testng.reporters.JUnitReportReporter -->
<testsuite hostname="DESKTOP-2H7MN4M" failures="0" tests="1" name="tests.PathAndQuerParameter" time="6.954" errors="0" timestamp="2025-03-20T18:02:34 IST" skipped="0">
  <testcase classname="tests.PathAndQuerParameter" name="testpathandQueryParamter" time="6.954"/>
  <system-out/>
</testsuite> <!-- tests.PathAndQuerParameter -->
