<?xml version="1.0" encoding="UTF-8"?>
<!-- Generated by org.testng.reporters.JUnitReportReporter -->
<testsuite hostname="DESKTOP-2H7MN4M" failures="0" tests="1" name="tests.ValidateJsonResponseData" time="7.011" errors="0" timestamp="2025-03-21T11:46:45 IST" skipped="0">
  <testcase classname="tests.ValidateJsonResponseData" name="validateJsonResponse" time="7.011"/>
  <system-out/>
</testsuite> <!-- tests.ValidateJsonResponseData -->
