<?xml version="1.0" encoding="UTF-8"?>
<!-- Generated by org.testng.reporters.JUnitReportReporter -->
<testsuite hostname="DESKTOP-2H7MN4M" failures="0" tests="1" name="APIScenario.HotelAPIChaining" time="10.668" errors="0" timestamp="2025-03-20T13:31:38 IST" skipped="0">
  <testcase classname="APIScenario.HotelAPIChaining" name="GetbookingDetails" time="10.668"/>
  <system-out/>
</testsuite> <!-- APIScenario.HotelAPIChaining -->
